<?xml version="1.0" encoding="UTF-8"?>
<!-- Generated by org.testng.reporters.JUnitReportReporter -->
<testsuite hostname="divyaprakashAmar" failures="0" tests="2" name="practice.homeTest.HomePageVerificationTest" time="53.464" errors="0" timestamp="2024-05-06T11:09:19 IST" skipped="0">
  <testcase classname="practice.homeTest.HomePageVerificationTest" name="homePageTest" time="27.873"/>
  <testcase classname="practice.homeTest.HomePageVerificationTest" name="VerifyLogoHomePageTest" time="25.591"/>
</testsuite> <!-- practice.homeTest.HomePageVerificationTest -->
