<?xml version="1.0" encoding="UTF-8"?>
<!-- Generated by org.testng.reporters.JUnitReportReporter -->
<testsuite hostname="divyaprakashAmar" failures="0" tests="2" name="com.crm.comcast.createorgTest.createContactTest" time="0.074" errors="0" timestamp="2024-05-02T10:40:31 IST" skipped="0">
  <testcase classname="com.crm.comcast.createorgTest.createContactTest" name="createContact" time="0.055"/>
  <testcase classname="com.crm.comcast.createorgTest.createContactTest" name="createContactWithSupportDate" time="0.019"/>
</testsuite> <!-- com.crm.comcast.createorgTest.createContactTest -->
