<?xml version="1.0" encoding="UTF-8"?>
<!-- Generated by org.testng.reporters.JUnitReportReporter -->
<testsuite hostname="divyaprakashAmar" failures="0" tests="1" name="practice.Test.SampleReportAndScreenSohotTest" time="19.699" errors="0" timestamp="2024-05-09T15:06:55 IST" skipped="0">
  <testcase classname="practice.Test.SampleReportAndScreenSohotTest" name="CreatecontactTest" time="19.699"/>
</testsuite> <!-- practice.Test.SampleReportAndScreenSohotTest -->
