<?xml version="1.0" encoding="UTF-8"?>
<!-- Generated by org.testng.reporters.JUnitReportReporter -->
<testsuite hostname="divyaprakashAmar" failures="0" tests="2" name="com.pac1.createContactTest" time="0.060" errors="0" timestamp="2024-05-01T14:04:13 IST" skipped="0">
  <testcase classname="com.pac1.createContactTest" name="createContact" time="0.046"/>
  <testcase classname="com.pac1.createContactTest" name="createContactWithSuooortDate" time="0.014"/>
</testsuite> <!-- com.pac1.createContactTest -->
