<?xml version="1.0" encoding="UTF-8"?>
<!-- Generated by org.testng.reporters.JUnitReportReporter -->
<testsuite hostname="divyaprakashAmar" failures="0" tests="3" name="practice.TestNG.CreateContact_DP_Test" time="0.069" errors="0" timestamp="2024-04-30T18:09:36 IST" skipped="0">
  <testcase classname="practice.TestNG.CreateContact_DP_Test" name="createContactTest" time="0.012"/>
  <testcase classname="practice.TestNG.CreateContact_DP_Test" name="createContactTest" time="0.011"/>
  <testcase classname="practice.TestNG.CreateContact_DP_Test" name="createContactTest" time="0.046"/>
</testsuite> <!-- practice.TestNG.CreateContact_DP_Test -->
