<?xml version="1.0" encoding="UTF-8"?>
<!-- Generated by org.testng.reporters.JUnitReportReporter -->
<testsuite hostname="divyaprakashAmar" failures="0" tests="11" name="practice.TestNG.OrderTest" time="0.201" errors="0" timestamp="2024-04-30T17:10:57 IST" skipped="1">
  <testcase classname="practice.TestNG.OrderTest" name="createOrderTest" time="0.015"/>
  <testcase classname="practice.TestNG.OrderTest" name="createOrderTest" time="0.014"/>
  <testcase classname="practice.TestNG.OrderTest" name="createOrderTest" time="0.021"/>
  <testcase classname="practice.TestNG.OrderTest" name="createOrderTest" time="0.017"/>
  <testcase classname="practice.TestNG.OrderTest" name="createOrderTest" time="0.027"/>
  <testcase classname="practice.TestNG.OrderTest" name="createOrderTest" time="0.061"/>
  <testcase classname="practice.TestNG.OrderTest" name="createOrderTest" time="0.016"/>
  <testcase classname="practice.TestNG.OrderTest" name="createOrderTest" time="0.011"/>
  <testcase classname="practice.TestNG.OrderTest" name="createOrderTest" time="0.005"/>
  <testcase classname="practice.TestNG.OrderTest" name="createOrderTest" time="0.014"/>
  <testcase classname="practice.TestNG.OrderTest" name="billingAndOrderTest">
    <skipped/>
  </testcase> <!-- billingAndOrderTest -->
</testsuite> <!-- practice.TestNG.OrderTest -->
