<?xml version="1.0" encoding="UTF-8"?>
<!-- Generated by org.testng.reporters.JUnitReportReporter -->
<testsuite hostname="divyaprakashAmar" failures="0" tests="2" name="practice.TestNG.contactTest" time="0.075" errors="0" timestamp="2024-04-30T16:07:48 IST" skipped="0">
  <testcase classname="practice.TestNG.contactTest" name="modifyCreateContactTest" time="0.026"/>
  <testcase classname="practice.TestNG.contactTest" name="createContactTest" time="0.049"/>
</testsuite> <!-- practice.TestNG.contactTest -->
