<?xml version="1.0" encoding="UTF-8"?>
<!-- Generated by org.testng.reporters.JUnitReportReporter -->
<testsuite hostname="divyaprakashAmar" failures="0" tests="2" name="com.crm.comcast.orgTest.createOrgTest" time="0.054" errors="0" timestamp="2024-05-02T10:40:31 IST" skipped="0">
  <testcase classname="com.crm.comcast.orgTest.createOrgTest" name="createWithIndustry" time="0.022"/>
  <testcase classname="com.crm.comcast.orgTest.createOrgTest" name="createorgTest" time="0.032"/>
</testsuite> <!-- com.crm.comcast.orgTest.createOrgTest -->
