<?xml version="1.0" encoding="UTF-8"?>
<!-- Generated by org.testng.reporters.JUnitReportReporter -->
<testsuite hostname="divyaprakashAmar" failures="0" tests="2" name="practice.TestNG.SampleTest" time="0.074" errors="0" timestamp="2024-04-30T10:19:10 IST" skipped="0">
  <testcase classname="practice.TestNG.SampleTest" name="createContactTest" time="0.058"/>
  <testcase classname="practice.TestNG.SampleTest" name="createContactWithMobileNumberTest" time="0.016"/>
</testsuite> <!-- practice.TestNG.SampleTest -->
