<?xml version="1.0" encoding="UTF-8"?>
<!-- Generated by org.testng.reporters.JUnitReportReporter -->
<testsuite hostname="divyaprakashAmar" failures="0" tests="2" name="practice.homeTest.HomePageSampleTest" time="0.105" errors="0" timestamp="2024-05-06T15:10:08 IST" skipped="0">
  <testcase classname="practice.homeTest.HomePageSampleTest" name="VerifyLogoHomePageTest" time="0.085">
    <system-out>
      <![CDATA[VerifyLogoHomePageTestTest Started
Step-------1
Step-------2
Step-------3
Step-------4
VerifyLogoHomePageTestTest stopped]]>
    </system-out>
  </testcase> <!-- VerifyLogoHomePageTest -->
  <testcase classname="practice.homeTest.HomePageSampleTest" name="homePageTest" time="0.020">
    <system-out>
      <![CDATA[homePageTestTest Started
Step-------1
Step-------2
Step-------3
Step-------4
homePageTestTest stopped]]>
    </system-out>
  </testcase> <!-- homePageTest -->
  <system-out>
    <![CDATA[VerifyLogoHomePageTestTest Started
Step-------1
Step-------2
Step-------3
Step-------4
VerifyLogoHomePageTestTest stopped
homePageTestTest Started
Step-------1
Step-------2
Step-------3
Step-------4
homePageTestTest stopped]]>
  </system-out>
</testsuite> <!-- practice.homeTest.HomePageSampleTest -->
