<?xml version="1.0" encoding="UTF-8"?>
<!-- Generated by org.testng.reporters.JUnitReportReporter -->
<testsuite hostname="divyaprakashAmar" failures="0" tests="1" name="practiceDtaBase.SampleUnitTestCheckProjectInBackEnd" time="1.695" errors="0" timestamp="2024-04-22T12:09:58 IST" skipped="0">
  <testcase classname="practiceDtaBase.SampleUnitTestCheckProjectInBackEnd" name="projectCheckTestCase" time="1.695"/>
</testsuite> <!-- practiceDtaBase.SampleUnitTestCheckProjectInBackEnd -->
