<?xml version="1.0" encoding="UTF-8"?>
<!-- Generated by org.testng.reporters.JUnitReportReporter -->
<testsuite hostname="divyaprakashAmar" failures="0" tests="3" name="practice.TestNG.CreateContact_DP2_Test" time="0.105" errors="0" timestamp="2024-04-30T18:28:45 IST" skipped="0">
  <testcase classname="practice.TestNG.CreateContact_DP2_Test" name="createContactTest" time="0.047"/>
  <testcase classname="practice.TestNG.CreateContact_DP2_Test" name="createContactTest" time="0.046"/>
  <testcase classname="practice.TestNG.CreateContact_DP2_Test" name="createContactTest" time="0.012"/>
</testsuite> <!-- practice.TestNG.CreateContact_DP2_Test -->
