<?xml version="1.0" encoding="UTF-8"?>
<!-- Generated by org.testng.reporters.JUnitReportReporter -->
<testsuite hostname="divyaprakashAmar" failures="0" tests="1" name="practice.TestNG.SampleTestForScreenshot" time="26.953" errors="0" timestamp="2024-05-06T17:18:04 IST" skipped="0">
  <testcase classname="practice.TestNG.SampleTestForScreenshot" name="amazonTest" time="26.953"/>
</testsuite> <!-- practice.TestNG.SampleTestForScreenshot -->
