<?xml version="1.0" encoding="UTF-8"?>
<!-- Generated by org.testng.reporters.JUnitReportReporter -->
<testsuite hostname="divyaprakashAmar" failures="0" tests="1" name="practice.pom.repository.SampleTestWithPom" time="25.894" errors="0" timestamp="2024-04-26T10:09:25 IST" skipped="0">
  <testcase classname="practice.pom.repository.SampleTestWithPom" name="sampleTest" time="25.894"/>
</testsuite> <!-- practice.pom.repository.SampleTestWithPom -->
