<?xml version="1.0" encoding="UTF-8"?>
<!-- Generated by org.testng.reporters.JUnitReportReporter -->
<testsuite hostname="divyaprakashAmar" failures="0" tests="3" name="practice.amazone.test.GetProductInfoInAmazone" time="101.710" errors="0" timestamp="2024-05-01T11:07:01 IST" skipped="0">
  <testcase classname="practice.amazone.test.GetProductInfoInAmazone" name="getProductInfoTest" time="41.437"/>
  <testcase classname="practice.amazone.test.GetProductInfoInAmazone" name="getProductInfoTest" time="29.734"/>
  <testcase classname="practice.amazone.test.GetProductInfoInAmazone" name="getProductInfoTest" time="30.539"/>
</testsuite> <!-- practice.amazone.test.GetProductInfoInAmazone -->
