<?xml version="1.0" encoding="UTF-8"?>
<!-- Generated by org.testng.reporters.JUnitXMLReporter -->
<testsuite ignored="2" hostname="divyaprakashAmar" failures="0" tests="4" name="Test-chrome" time="487.813" errors="0" timestamp="2024-05-04T16:10:42 IST">
  <testcase classname="practice.OrgTest.CreateOrgsnisationTest" name="createOrgWithPhoneNumber" time="106.145"/>
  <testcase classname="practice.OrgTest.CreateOrgsnisationTest" name="createorgTest" time="50.672"/>
  <testcase classname="practice.ContactTest.CreateContactTest" name="createContactTest" time="57.814"/>
  <testcase classname="practice.ContactTest.CreateContactTest" name="createContactWithSupportDate" time="53.348"/>
  <testcase classname="com.comcast.crm.generic.fileutility.BaseClass" name="@BeforeSuite configBS" time="0.0">
    <ignored/>
  </testcase> <!-- @BeforeSuite configBS -->
  <testcase classname="com.comcast.crm.generic.fileutility.BaseClass" name="@AfterSuite configAS" time="0.0">
    <ignored/>
  </testcase> <!-- @AfterSuite configAS -->
</testsuite> <!-- Test-chrome -->
