<?xml version="1.0" encoding="UTF-8"?>
<!-- Generated by org.testng.reporters.JUnitXMLReporter -->
<testsuite ignored="0" hostname="divyaprakashAmar" failures="0" tests="2" name="Test-1" time="203.964" errors="0" timestamp="2024-05-03T16:14:03 IST">
  <testcase classname="practice.OrgTest.CreateOrgsnisationTest" name="createOrgWithPhoneNumber" time="53.608"/>
  <testcase classname="practice.OrgTest.CreateOrgsnisationTest" name="createorgTest" time="60.87"/>
</testsuite> <!-- Test-1 -->
