<?xml version="1.0" encoding="UTF-8"?>
<!-- Generated by org.testng.reporters.JUnitXMLReporter -->
<testsuite ignored="0" hostname="divyaprakashAmar" failures="0" tests="2" name="Test-2" time="213.899" errors="0" timestamp="2024-05-03T16:14:13 IST">
  <testcase classname="practice.ContactTest.CreateContactTest" name="createContactTest" time="84.88"/>
  <testcase classname="practice.ContactTest.CreateContactTest" name="createContactWithSupportDate" time="46.244"/>
</testsuite> <!-- Test-2 -->
